<?xml version="1.0" encoding="UTF-8"?>
<!-- Generated by org.testng.reporters.JUnitXMLReporter -->
<testsuite ignored="0" hostname="Phams-Air.lan" failures="0" tests="3" name="Default test" time="10.575" errors="0" timestamp="06 Apr 2023 01:14:13 GMT">
  <testcase classname="webdirve.Topic_01_Check_Environment" name="TC_01_Url" time="0.039"/>
  <testcase classname="webdirve.Topic_01_Check_Environment" name="TC_02_Logo" time="0.145"/>
  <testcase classname="webdirve.Topic_01_Check_Environment" name="TC_03_Form" time="0.049"/>
</testsuite> <!-- Default test -->
